Check [ 19278 3876 5958 19169 14141 ] belong to class : 4
Check [ 23313 31113 29239 30238 8708 ] belong to class : 4
Check [ 13104 19970 11199 31841 12191 ] belong to class : 4
Check [ 15972 4294 29954 28630 7089 ] belong to class : 4
Check [ 19015 21118 16033 27092 24470 ] belong to class : 6
Check [ 1451 29966 23279 16986 24929 ] belong to class : 0
Check [ 25380 25922 7395 32641 12498 ] belong to class : 7
Check [ 28750 23230 30518 19238 23866 ] belong to class : 7
Check [ 8070 18555 12736 28277 8188 ] belong to class : 7
Check [ 8414 14469 21149 4442 23939 ] belong to class : 7
Check [ 4504 22176 8933 28267 13190 ] belong to class : 1
Check [ 801 13762 32502 28608 10525 ] belong to class : 4
Check [ 18186 1959 19791 8654 16417 ] belong to class : 1
Check [ 11560 31683 17871 8515 4238 ] belong to class : 5
Check [ 29292 24450 14943 29917 4045 ] belong to class : 6
Check [ 7343 26153 24015 19790 17261 ] belong to class : 6
Check [ 31595 3025 23345 11846 26779 ] belong to class : 6
Check [ 31055 14535 21398 11699 15665 ] belong to class : 4
Check [ 7396 23604 10301 30374 17040 ] belong to class : 4
Check [ 3412 26029 9760 28159 2476 ] belong to class : 1
Check [ 28660 6048 15812 11734 18514 ] belong to class : 1
Check [ 16947 7233 3062 1132 16572 ] belong to class : 4
Check [ 25954 19100 16798 18421 5259 ] belong to class : 1
Check [ 27372 25234 15793 3790 14844 ] belong to class : 1
Check [ 19218 21860 23906 29053 3610 ] belong to class : 4
Check [ 21988 27728 19358 16946 27761 ] belong to class : 4
Check [ 8560 3629 28666 12532 24468 ] belong to class : 0
Check [ 20735 20231 16260 18947 915 ] belong to class : 9
Check [ 17645 2862 23593 30194 23197 ] belong to class : 9
Check [ 19958 10636 26841 7154 14873 ] belong to class : 6
Check [ 23042 26906 5510 20629 13858 ] belong to class : 6
Check [ 31296 25802 235 22520 21618 ] belong to class : 9
Check [ 3670 30244 21501 14746 3709 ] belong to class : 9
Check [ 13586 28229 9670 22565 28632 ] belong to class : 9
Check [ 12283 24270 13781 12973 28939 ] belong to class : 9
Check [ 10039 16656 19932 10782 6231 ] belong to class : 9
Check [ 25570 8463 8907 26554 6328 ] belong to class : 9
Check [ 11214 20491 7109 23669 1859 ] belong to class : 0
Check [ 30446 29593 1729 11584 26509 ] belong to class : 7
Check [ 1594 31908 12419 25664 23793 ] belong to class : 0
Check [ 29013 19000 2321 3310 10572 ] belong to class : 7
Check [ 24767 18288 5170 29598 27568 ] belong to class : 7
Check [ 18984 32172 19850 22812 21905 ] belong to class : 7
Check [ 4258 25679 22550 30727 3923 ] belong to class : 7
Check [ 26945 11378 7836 18651 27676 ] belong to class : 7
Check [ 28621 25098 598 12184 25550 ] belong to class : 7
Check [ 8172 31560 11326 14762 13357 ] belong to class : 7
Check [ 4413 13689 29422 26304 18092 ] belong to class : 7
Check [ 29936 16249 24977 12577 12307 ] belong to class : 1
Check [ 31943 17084 4763 3060 14966 ] belong to class : 1

ESC in : 8736ms
