Check [ 264 30753 4698 31183 17155 17124 25144 ] belong to class : 24
Check [ 21255 20778 28222 29945 6552 18742 18969 ] belong to class : 34
Check [ 8109 16359 16205 6158 25438 12642 25965 ] belong to class : 23
Check [ 9524 28566 23294 16910 13878 11810 6115 ] belong to class : 0
Check [ 14851 31145 15382 22117 29090 29852 29713 ] belong to class : 23
Check [ 2359 18724 7536 28098 14555 30799 6378 ] belong to class : 34
Check [ 5803 18781 3410 19846 18469 18497 21232 ] belong to class : 34
Check [ 16654 32421 22202 25056 29804 5693 1053 ] belong to class : 24
Check [ 24948 12733 12390 11412 15226 166 9980 ] belong to class : 12
Check [ 12311 18272 13547 12426 5528 12443 19261 ] belong to class : 12
Check [ 6600 28286 7240 2132 14434 3669 21012 ] belong to class : 38
Check [ 3646 31483 27332 27738 23543 14962 14271 ] belong to class : 38
Check [ 21388 27449 12388 5117 2260 24725 14066 ] belong to class : 38
Check [ 22957 1019 451 13764 26469 10377 26167 ] belong to class : 38
Check [ 24653 30043 5678 5620 10577 19159 22624 ] belong to class : 38
Check [ 2725 4005 26600 14662 18154 10295 30551 ] belong to class : 38
Check [ 15317 30704 2382 7385 313 21828 31506 ] belong to class : 38
Check [ 29576 7542 13033 4430 20628 8015 31144 ] belong to class : 34
Check [ 4725 7734 20327 31143 20451 25318 27302 ] belong to class : 34
Check [ 19261 21350 18638 23518 12805 1533 14718 ] belong to class : 34

ESC in : 1312ms
